<?xml version="1.0" encoding="UTF-8"?>
<!-- Generated by org.testng.reporters.JUnitXMLReporter -->
<testsuite ignored="0" hostname="DESKTOP-PIR4TAC" failures="0" tests="8" name="Default test" time="72.372" errors="0" timestamp="2025-03-07T10:10:36 IST">
  <testcase classname="com.Shrawan.YahooTest.TeslaInvalidSearch" name="OpenSite" time="10.142"/>
  <testcase classname="com.Shrawan.YahooTest.TeslaInvalidSearch" name="searchInvalidStock" time="0.204"/>
  <testcase classname="com.Shrawan.YahooTest.YahooFinanceTest" name="OpenSite" time="44.697"/>
  <testcase classname="com.Shrawan.YahooTest.YahooFinanceTest" name="searchStock" time="0.208"/>
  <testcase classname="com.Shrawan.YahooTest.YahooFinanceTest" name="verifyAutoSuggest" time="0.571"/>
  <testcase classname="com.Shrawan.YahooTest.YahooFinanceTest" name="clickFirstSuggestion" time="0.42"/>
  <testcase classname="com.Shrawan.YahooTest.YahooFinanceTest" name="verifyStockPrice" time="2.579"/>
  <testcase classname="com.Shrawan.YahooTest.YahooFinanceTest" name="captureStockData" time="0.389"/>
</testsuite> <!-- Default test -->
