<?xml version="1.0" encoding="UTF-8"?>
<!-- Generated by org.testng.reporters.JUnitXMLReporter -->
<testsuite ignored="0" hostname="DESKTOP-PIR4TAC" failures="0" tests="2" name="TeslaInvalidSearch" time="30.978" errors="0" timestamp="2025-03-07T09:19:44 IST">
  <testcase classname="com.Shrawan.YahooTest.TeslaInvalidSearch" name="OpenSite" time="5.526"/>
  <testcase classname="com.Shrawan.YahooTest.TeslaInvalidSearch" name="searchInvalidStock" time="0.69"/>
</testsuite> <!-- TeslaInvalidSearch -->
