<?xml version="1.0" encoding="UTF-8"?>
<!-- Generated by org.testng.reporters.JUnitXMLReporter -->
<testsuite ignored="0" hostname="DESKTOP-PIR4TAC" failures="0" tests="6" name="Test1" time="50.302" errors="0" timestamp="2025-03-07T10:15:22 IST">
  <testcase classname="com.Shrawan.YahooTest.YahooFinanceTest" name="OpenSite" time="38.07"/>
  <testcase classname="com.Shrawan.YahooTest.YahooFinanceTest" name="searchStock" time="0.171"/>
  <testcase classname="com.Shrawan.YahooTest.YahooFinanceTest" name="verifyAutoSuggest" time="0.568"/>
  <testcase classname="com.Shrawan.YahooTest.YahooFinanceTest" name="clickFirstSuggestion" time="0.294"/>
  <testcase classname="com.Shrawan.YahooTest.YahooFinanceTest" name="verifyStockPrice" time="3.242"/>
  <testcase classname="com.Shrawan.YahooTest.YahooFinanceTest" name="captureStockData" time="0.44"/>
</testsuite> <!-- Test1 -->
