<?xml version="1.0" encoding="UTF-8"?>
<testsuite xmlns:xsi="http://www.w3.org/2001/XMLSchema-instance" xsi:noNamespaceSchemaLocation="https://maven.apache.org/surefire/maven-surefire-plugin/xsd/surefire-test-report-3.0.xsd" version="3.0" name="TestSuite" time="50.922" tests="8" errors="0" skipped="0" failures="0">
  <properties>
[...]
</properties>
  <testcase name="OpenSite" classname="com.Shrawan.YahooTest.TeslaInvalidSearch" time="4.356">
    <system-out><![CDATA[Chrome Browser Launched as Expected
Firefox Browser Launched as Expected
Opened Yahoo Finance Site As Expected  Firefox browser
]]></system-out>
    <system-err><![CDATA[SLF4J(W): No SLF4J providers were found.
SLF4J(W): Defaulting to no-operation (NOP) logger implementation
SLF4J(W): See https://www.slf4j.org/codes.html#noProviders for further details.
Mar 07, 2025 10:14:39 AM org.openqa.selenium.devtools.CdpVersionFinder findNearestMatch
WARNING: Unable to find CDP implementation matching 134
Mar 07, 2025 10:14:39 AM org.openqa.selenium.chromium.ChromiumDriver lambda$new$5
WARNING: Unable to find version of CDP to use for 134.0.6998.36. You may need to include a dependency on a specific version of the CDP using something similar to `org.seleniumhq.selenium:selenium-devtools-v86:4.22.0` where the version ("v86") matches the version of the chromium-based browser you're using and the version number of the artifact is the same as Selenium's.
]]></system-err>
  </testcase>
  <testcase name="searchInvalidStock" classname="com.Shrawan.YahooTest.TeslaInvalidSearch" time="0.547">
    <system-out><![CDATA[Entered Invalid data: WELCOME in the search text box As Expected
]]></system-out>
  </testcase>
  <testcase name="OpenSite" classname="com.Shrawan.YahooTest.YahooFinanceTest" time="26.83">
    <system-out><![CDATA[Test completed, browser closed.
Opened Yahoo Finance Site As Expected
]]></system-out>
  </testcase>
  <testcase name="searchStock" classname="com.Shrawan.YahooTest.YahooFinanceTest" time="0.185">
    <system-out><![CDATA[Entered TESLA in the search text box As Expected
]]></system-out>
  </testcase>
  <testcase name="verifyAutoSuggest" classname="com.Shrawan.YahooTest.YahooFinanceTest" time="0.568">
    <system-out><![CDATA[Autosuggest text: Tesla, Inc.
]]></system-out>
  </testcase>
  <testcase name="clickFirstSuggestion" classname="com.Shrawan.YahooTest.YahooFinanceTest" time="0.295">
    <system-out><![CDATA[Browser clicked on First Suggested Autocomplete Text as Expected
]]></system-out>
  </testcase>
  <testcase name="verifyStockPrice" classname="com.Shrawan.YahooTest.YahooFinanceTest" time="3.241">
    <system-out><![CDATA[TESLA Current stock price is: $263.45
]]></system-out>
  </testcase>
  <testcase name="captureStockData" classname="com.Shrawan.YahooTest.YahooFinanceTest" time="0.442">
    <system-out><![CDATA[TESLA Stock Previous Closing Price: 279.10
TESLA Total Stock Volume: 96,980,342
]]></system-out>
  </testcase>
</testsuite>