<?xml version="1.0" encoding="UTF-8"?>
<testng-results ignored="0" total="8" passed="8" failed="0" skipped="0">
  <reporter-output>
  </reporter-output>
  <suite started-at="2025-03-07T10:14:32 IST" name="SeleniumAssignement" finished-at="2025-03-07T10:15:22 IST" duration-ms="50302">
    <groups>
    </groups>
    <test started-at="2025-03-07T10:14:32 IST" name="Test2" finished-at="2025-03-07T10:14:56 IST" duration-ms="23535">
      <class name="com.Shrawan.YahooTest.TeslaInvalidSearch">
        <test-method is-config="true" signature="LaunchYahooFBrowser()[pri:0, instance:com.Shrawan.YahooTest.TeslaInvalidSearch@514646ef]" started-at="2025-03-07T10:14:32 IST" name="LaunchYahooFBrowser" finished-at="2025-03-07T10:14:46 IST" duration-ms="13980" status="PASS">
          <reporter-output>
          </reporter-output>
        </test-method> <!-- LaunchYahooFBrowser -->
        <test-method signature="OpenSite()[pri:1, instance:com.Shrawan.YahooTest.TeslaInvalidSearch@514646ef]" started-at="2025-03-07T10:14:46 IST" name="OpenSite" finished-at="2025-03-07T10:14:50 IST" duration-ms="4352" status="PASS">
          <reporter-output>
          </reporter-output>
        </test-method> <!-- OpenSite -->
        <test-method signature="searchInvalidStock()[pri:2, instance:com.Shrawan.YahooTest.TeslaInvalidSearch@514646ef]" started-at="2025-03-07T10:14:50 IST" name="searchInvalidStock" finished-at="2025-03-07T10:14:51 IST" duration-ms="546" status="PASS">
          <reporter-output>
          </reporter-output>
        </test-method> <!-- searchInvalidStock -->
        <test-method is-config="true" signature="teardown()[pri:0, instance:com.Shrawan.YahooTest.TeslaInvalidSearch@514646ef]" started-at="2025-03-07T10:14:51 IST" name="teardown" finished-at="2025-03-07T10:14:56 IST" duration-ms="4635" status="PASS">
          <reporter-output>
          </reporter-output>
        </test-method> <!-- teardown -->
      </class> <!-- com.Shrawan.YahooTest.TeslaInvalidSearch -->
    </test> <!-- Test2 -->
    <test started-at="2025-03-07T10:14:32 IST" name="Test1" finished-at="2025-03-07T10:15:22 IST" duration-ms="50302">
      <class name="com.Shrawan.YahooTest.YahooFinanceTest">
        <test-method is-config="true" signature="LaunchYahooFBrowser()[pri:0, instance:com.Shrawan.YahooTest.YahooFinanceTest@5149d738]" started-at="2025-03-07T10:14:32 IST" name="LaunchYahooFBrowser" finished-at="2025-03-07T10:14:39 IST" duration-ms="7049" status="PASS">
          <reporter-output>
          </reporter-output>
        </test-method> <!-- LaunchYahooFBrowser -->
        <test-method signature="OpenSite()[pri:1, instance:com.Shrawan.YahooTest.YahooFinanceTest@5149d738]" started-at="2025-03-07T10:14:39 IST" name="OpenSite" finished-at="2025-03-07T10:15:17 IST" duration-ms="38070" status="PASS">
          <reporter-output>
          </reporter-output>
        </test-method> <!-- OpenSite -->
        <test-method signature="searchStock()[pri:2, instance:com.Shrawan.YahooTest.YahooFinanceTest@5149d738]" started-at="2025-03-07T10:15:17 IST" name="searchStock" finished-at="2025-03-07T10:15:17 IST" duration-ms="171" status="PASS">
          <reporter-output>
          </reporter-output>
        </test-method> <!-- searchStock -->
        <test-method signature="verifyAutoSuggest()[pri:3, instance:com.Shrawan.YahooTest.YahooFinanceTest@5149d738]" started-at="2025-03-07T10:15:17 IST" name="verifyAutoSuggest" finished-at="2025-03-07T10:15:18 IST" duration-ms="568" status="PASS">
          <reporter-output>
          </reporter-output>
        </test-method> <!-- verifyAutoSuggest -->
        <test-method signature="clickFirstSuggestion()[pri:4, instance:com.Shrawan.YahooTest.YahooFinanceTest@5149d738]" started-at="2025-03-07T10:15:18 IST" name="clickFirstSuggestion" finished-at="2025-03-07T10:15:18 IST" duration-ms="294" status="PASS">
          <reporter-output>
          </reporter-output>
        </test-method> <!-- clickFirstSuggestion -->
        <test-method signature="verifyStockPrice()[pri:5, instance:com.Shrawan.YahooTest.YahooFinanceTest@5149d738]" started-at="2025-03-07T10:15:18 IST" name="verifyStockPrice" finished-at="2025-03-07T10:15:21 IST" duration-ms="3242" status="PASS">
          <reporter-output>
          </reporter-output>
        </test-method> <!-- verifyStockPrice -->
        <test-method signature="captureStockData()[pri:6, instance:com.Shrawan.YahooTest.YahooFinanceTest@5149d738]" started-at="2025-03-07T10:15:21 IST" name="captureStockData" finished-at="2025-03-07T10:15:22 IST" duration-ms="440" status="PASS">
          <reporter-output>
          </reporter-output>
        </test-method> <!-- captureStockData -->
        <test-method is-config="true" signature="teardown()[pri:0, instance:com.Shrawan.YahooTest.YahooFinanceTest@5149d738]" started-at="2025-03-07T10:15:22 IST" name="teardown" finished-at="2025-03-07T10:15:22 IST" duration-ms="383" status="PASS">
          <reporter-output>
          </reporter-output>
        </test-method> <!-- teardown -->
      </class> <!-- com.Shrawan.YahooTest.YahooFinanceTest -->
    </test> <!-- Test1 -->
  </suite> <!-- SeleniumAssignement -->
</testng-results>
