<?xml version="1.0" encoding="UTF-8"?>
<testng-results ignored="0" total="6" passed="6" failed="0" skipped="0">
  <reporter-output>
  </reporter-output>
  <suite started-at="2025-03-06T22:44:52 IST" name="Surefire suite" finished-at="2025-03-06T22:46:31 IST" duration-ms="99268">
    <groups>
    </groups>
    <test started-at="2025-03-06T22:44:52 IST" name="Surefire test" finished-at="2025-03-06T22:46:31 IST" duration-ms="99268">
      <class name="com.Shrawan.YahooTest.YahooFinanceTest">
        <test-method is-config="true" signature="LaunchYahooFBrowser()[pri:0, instance:com.Shrawan.YahooTest.YahooFinanceTest@4facf68f]" started-at="2025-03-06T22:44:52 IST" name="LaunchYahooFBrowser" finished-at="2025-03-06T22:45:06 IST" duration-ms="13925" status="PASS">
          <reporter-output>
          </reporter-output>
        </test-method> <!-- LaunchYahooFBrowser -->
        <test-method signature="OpenSite()[pri:1, instance:com.Shrawan.YahooTest.YahooFinanceTest@4facf68f]" started-at="2025-03-06T22:45:06 IST" name="OpenSite" finished-at="2025-03-06T22:46:24 IST" duration-ms="78567" status="PASS">
          <reporter-output>
          </reporter-output>
        </test-method> <!-- OpenSite -->
        <test-method signature="searchStock()[pri:2, instance:com.Shrawan.YahooTest.YahooFinanceTest@4facf68f]" started-at="2025-03-06T22:46:24 IST" name="searchStock" finished-at="2025-03-06T22:46:25 IST" duration-ms="250" status="PASS">
          <reporter-output>
          </reporter-output>
        </test-method> <!-- searchStock -->
        <test-method signature="verifyAutoSuggest()[pri:3, instance:com.Shrawan.YahooTest.YahooFinanceTest@4facf68f]" started-at="2025-03-06T22:46:25 IST" name="verifyAutoSuggest" finished-at="2025-03-06T22:46:25 IST" duration-ms="584" status="PASS">
          <reporter-output>
          </reporter-output>
        </test-method> <!-- verifyAutoSuggest -->
        <test-method signature="clickFirstSuggestion()[pri:4, instance:com.Shrawan.YahooTest.YahooFinanceTest@4facf68f]" started-at="2025-03-06T22:46:25 IST" name="clickFirstSuggestion" finished-at="2025-03-06T22:46:25 IST" duration-ms="276" status="PASS">
          <reporter-output>
          </reporter-output>
        </test-method> <!-- clickFirstSuggestion -->
        <test-method signature="verifyStockPrice()[pri:5, instance:com.Shrawan.YahooTest.YahooFinanceTest@4facf68f]" started-at="2025-03-06T22:46:25 IST" name="verifyStockPrice" finished-at="2025-03-06T22:46:30 IST" duration-ms="4565" status="PASS">
          <reporter-output>
          </reporter-output>
        </test-method> <!-- verifyStockPrice -->
        <test-method signature="captureStockData()[pri:6, instance:com.Shrawan.YahooTest.YahooFinanceTest@4facf68f]" started-at="2025-03-06T22:46:30 IST" name="captureStockData" finished-at="2025-03-06T22:46:30 IST" duration-ms="419" status="PASS">
          <reporter-output>
          </reporter-output>
        </test-method> <!-- captureStockData -->
        <test-method is-config="true" signature="teardown()[pri:0, instance:com.Shrawan.YahooTest.YahooFinanceTest@4facf68f]" started-at="2025-03-06T22:46:30 IST" name="teardown" finished-at="2025-03-06T22:46:31 IST" duration-ms="631" status="PASS">
          <reporter-output>
          </reporter-output>
        </test-method> <!-- teardown -->
      </class> <!-- com.Shrawan.YahooTest.YahooFinanceTest -->
    </test> <!-- Surefire test -->
  </suite> <!-- Surefire suite -->
</testng-results>
